# JRE version: Java(TM) SE Runtime Environment (8.0_74-b02) (build 1.8.0_74-b02)
# Java VM: Java HotSpot(TM) 64-Bit Server VM (25.74-b02 mixed mode windows-amd64 compressed oops)
Heap:
 PSYoungGen      total 73728K, used 46339K [0x00000000d6f00000, 0x00000000e0000000, 0x0000000100000000)
  eden space 63488K, 72% used [0x00000000d6f00000,0x00000000d9c40da8,0x00000000dad00000)
  from space 10240K, 0% used [0x00000000dad00000,0x00000000dad00000,0x00000000db700000)
  to   space 10752K, 0% used [0x00000000df580000,0x00000000df580000,0x00000000e0000000)
 ParOldGen       total 67072K, used 15143K [0x0000000084c00000, 0x0000000088d80000, 0x00000000d6f00000)
  object space 67072K, 22% used [0x0000000084c00000,0x0000000085ac9d90,0x0000000088d80000)
 Metaspace       used 22605K, capacity 23260K, committed 23296K, reserved 1069056K
  class space    used 2631K, capacity 2786K, committed 2816K, reserved 1048576K
GC Heap History (10 events):
Event: 4.441 GC heap before
{Heap before GC invocations=4 (full 0):
 PSYoungGen      total 36864K, used 36843K [0x00000000d6f00000, 0x00000000d9800000, 0x0000000100000000)
  eden space 31744K, 100% used [0x00000000d6f00000,0x00000000d8e00000,0x00000000d8e00000)
  from space 5120K, 99% used [0x00000000d8e00000,0x00000000d92facd8,0x00000000d9300000)
  to   space 5120K, 0% used [0x00000000d9300000,0x00000000d9300000,0x00000000d9800000)
 ParOldGen       total 84992K, used 2914K [0x0000000084c00000, 0x0000000089f00000, 0x00000000d6f00000)
  object space 84992K, 3% used [0x0000000084c00000,0x0000000084ed8978,0x0000000089f00000)
 Metaspace       used 15859K, capacity 16168K, committed 16384K, reserved 1062912K
  class space    used 1894K, capacity 1979K, committed 2048K, reserved 1048576K
Event: 4.450 GC heap after
Heap after GC invocations=4 (full 0):
 PSYoungGen      total 36864K, used 5112K [0x00000000d6f00000, 0x00000000d9800000, 0x0000000100000000)
  eden space 31744K, 0% used [0x00000000d6f00000,0x00000000d6f00000,0x00000000d8e00000)
  from space 5120K, 99% used [0x00000000d9300000,0x00000000d97fe050,0x00000000d9800000)
  to   space 5120K, 0% used [0x00000000d8e00000,0x00000000d8e00000,0x00000000d9300000)
 ParOldGen       total 84992K, used 5202K [0x0000000084c00000, 0x0000000089f00000, 0x00000000d6f00000)
  object space 84992K, 6% used [0x0000000084c00000,0x0000000085114850,0x0000000089f00000)
 Metaspace       used 15859K, capacity 16168K, committed 16384K, reserved 1062912K
  class space    used 1894K, capacity 1979K, committed 2048K, reserved 1048576K
}
Event: 5.210 GC heap before
{Heap before GC invocations=5 (full 0):
 PSYoungGen      total 36864K, used 36856K [0x00000000d6f00000, 0x00000000d9800000, 0x0000000100000000)
  eden space 31744K, 100% used [0x00000000d6f00000,0x00000000d8e00000,0x00000000d8e00000)
  from space 5120K, 99% used [0x00000000d9300000,0x00000000d97fe050,0x00000000d9800000)
  to   space 5120K, 0% used [0x00000000d8e00000,0x00000000d8e00000,0x00000000d9300000)
 ParOldGen       total 84992K, used 5202K [0x0000000084c00000, 0x0000000089f00000, 0x00000000d6f00000)
  object space 84992K, 6% used [0x0000000084c00000,0x0000000085114850,0x0000000089f00000)
 Metaspace       used 16366K, capacity 16648K, committed 16896K, reserved 1064960K
  class space    used 1915K, capacity 2011K, committed 2048K, reserved 1048576K
Event: 5.224 GC heap after
Heap after GC invocations=5 (full 0):
 PSYoungGen      total 36864K, used 5096K [0x00000000d6f00000, 0x00000000dc100000, 0x0000000100000000)
  eden space 31744K, 0% used [0x00000000d6f00000,0x00000000d6f00000,0x00000000d8e00000)
  from space 5120K, 99% used [0x00000000d8e00000,0x00000000d92fa020,0x00000000d9300000)
  to   space 10240K, 0% used [0x00000000db700000,0x00000000db700000,0x00000000dc100000)
 ParOldGen       total 84992K, used 9656K [0x0000000084c00000, 0x0000000089f00000, 0x00000000d6f00000)
  object space 84992K, 11% used [0x0000000084c00000,0x000000008556e058,0x0000000089f00000)
 Metaspace       used 16366K, capacity 16648K, committed 16896K, reserved 1064960K
  class space    used 1915K, capacity 2011K, committed 2048K, reserved 1048576K
}
Event: 6.423 GC heap before
{Heap before GC invocations=6 (full 0):
 PSYoungGen      total 36864K, used 36840K [0x00000000d6f00000, 0x00000000dc100000, 0x0000000100000000)
  eden space 31744K, 100% used [0x00000000d6f00000,0x00000000d8e00000,0x00000000d8e00000)
  from space 5120K, 99% used [0x00000000d8e00000,0x00000000d92fa020,0x00000000d9300000)
  to   space 10240K, 0% used [0x00000000db700000,0x00000000db700000,0x00000000dc100000)
 ParOldGen       total 84992K, used 9656K [0x0000000084c00000, 0x0000000089f00000, 0x00000000d6f00000)
  object space 84992K, 11% used [0x0000000084c00000,0x000000008556e058,0x0000000089f00000)
 Metaspace       used 17095K, capacity 17514K, committed 17792K, reserved 1064960K
  class space    used 1995K, capacity 2084K, committed 2176K, reserved 1048576K
Event: 6.447 GC heap after
Heap after GC invocations=6 (full 0):
 PSYoungGen      total 73728K, used 7534K [0x00000000d6f00000, 0x00000000dc100000, 0x0000000100000000)
  eden space 63488K, 0% used [0x00000000d6f00000,0x00000000d6f00000,0x00000000dad00000)
  from space 10240K, 73% used [0x00000000db700000,0x00000000dbe5b8e8,0x00000000dc100000)
  to   space 10240K, 0% used [0x00000000dad00000,0x00000000dad00000,0x00000000db700000)
 ParOldGen       total 84992K, used 9656K [0x0000000084c00000, 0x0000000089f00000, 0x00000000d6f00000)
  object space 84992K, 11% used [0x0000000084c00000,0x000000008556e058,0x0000000089f00000)
 Metaspace       used 17095K, capacity 17514K, committed 17792K, reserved 1064960K
  class space    used 1995K, capacity 2084K, committed 2176K, reserved 1048576K
}
Event: 8.588 GC heap before
{Heap before GC invocations=7 (full 0):
 PSYoungGen      total 73728K, used 62321K [0x00000000d6f00000, 0x00000000dc100000, 0x0000000100000000)
  eden space 63488K, 86% used [0x00000000d6f00000,0x00000000da480c60,0x00000000dad00000)
  from space 10240K, 73% used [0x00000000db700000,0x00000000dbe5b8e8,0x00000000dc100000)
  to   space 10240K, 0% used [0x00000000dad00000,0x00000000dad00000,0x00000000db700000)
 ParOldGen       total 84992K, used 9656K [0x0000000084c00000, 0x0000000089f00000, 0x00000000d6f00000)
  object space 84992K, 11% used [0x0000000084c00000,0x000000008556e058,0x0000000089f00000)
 Metaspace       used 20664K, capacity 21222K, committed 21248K, reserved 1069056K
  class space    used 2437K, capacity 2556K, committed 2560K, reserved 1048576K
Event: 8.606 GC heap after
Heap after GC invocations=7 (full 0):
 PSYoungGen      total 73728K, used 8981K [0x00000000d6f00000, 0x00000000e0000000, 0x0000000100000000)
  eden space 63488K, 0% used [0x00000000d6f00000,0x00000000d6f00000,0x00000000dad00000)
  from space 10240K, 87% used [0x00000000dad00000,0x00000000db5c5698,0x00000000db700000)
  to   space 10752K, 0% used [0x00000000df580000,0x00000000df580000,0x00000000e0000000)
 ParOldGen       total 84992K, used 10772K [0x0000000084c00000, 0x0000000089f00000, 0x00000000d6f00000)
  object space 84992K, 12% used [0x0000000084c00000,0x0000000085685108,0x0000000089f00000)
 Metaspace       used 20664K, capacity 21222K, committed 21248K, reserved 1069056K
  class space    used 2437K, capacity 2556K, committed 2560K, reserved 1048576K
}
Event: 8.606 GC heap before
{Heap before GC invocations=8 (full 1):
 PSYoungGen      total 73728K, used 8981K [0x00000000d6f00000, 0x00000000e0000000, 0x0000000100000000)
  eden space 63488K, 0% used [0x00000000d6f00000,0x00000000d6f00000,0x00000000dad00000)
  from space 10240K, 87% used [0x00000000dad00000,0x00000000db5c5698,0x00000000db700000)
  to   space 10752K, 0% used [0x00000000df580000,0x00000000df580000,0x00000000e0000000)
 ParOldGen       total 84992K, used 10772K [0x0000000084c00000, 0x0000000089f00000, 0x00000000d6f00000)
  object space 84992K, 12% used [0x0000000084c00000,0x0000000085685108,0x0000000089f00000)
 Metaspace       used 20664K, capacity 21222K, committed 21248K, reserved 1069056K
  class space    used 2437K, capacity 2556K, committed 2560K, reserved 1048576K
Event: 8.699 GC heap after
Heap after GC invocations=8 (full 1):
 PSYoungGen      total 73728K, used 0K [0x00000000d6f00000, 0x00000000e0000000, 0x0000000100000000)
  eden space 63488K, 0% used [0x00000000d6f00000,0x00000000d6f00000,0x00000000dad00000)
  from space 10240K, 0% used [0x00000000dad00000,0x00000000dad00000,0x00000000db700000)
  to   space 10752K, 0% used [0x00000000df580000,0x00000000df580000,0x00000000e0000000)
 ParOldGen       total 67072K, used 15143K [0x0000000084c00000, 0x0000000088d80000, 0x00000000d6f00000)
  object space 67072K, 22% used [0x0000000084c00000,0x0000000085ac9d90,0x0000000088d80000)
 Metaspace       used 20664K, capacity 21222K, committed 21248K, reserved 1069056K
  class space    used 2437K, capacity 2556K, committed 2560K, reserved 1048576K
}

